<?xml version="1.0" encoding="UTF-8"?>
<!-- Generated by org.testng.reporters.JUnitReportReporter -->
<testsuite hostname="DESKTOP-CEI1RMF" failures="0" tests="1" name="com.website.tests.LoginTests" time="48.833" errors="0" timestamp="2024-08-13T19:17:07 IST" skipped="0">
  <testcase classname="com.website.tests.LoginTests" name="validateUserLoginWithValidCredentials" time="48.833"/>
  <system-out/>
</testsuite> <!-- com.website.tests.LoginTests -->
